This file contains any messages produced by compilers while
running configure, to aid debugging if configure makes a mistake.

It was created by libdill configure 2.14, which was
generated by GNU Autoconf 2.69.  Invocation command line was

  $ ./configure --enable-tls

## --------- ##
## Platform. ##
## --------- ##

hostname = parrot
uname -m = x86_64
uname -r = 4.18.0-parrot8-amd64
uname -s = Linux
uname -v = #1 SMP Parrot 4.18.6-1parrot8 (2018-09-07)

/usr/bin/uname -p = unknown
/bin/uname -X     = unknown

/bin/arch              = unknown
/usr/bin/arch -k       = unknown
/usr/convex/getsysinfo = unknown
/usr/bin/hostinfo      = unknown
/bin/machine           = unknown
/usr/bin/oslevel       = unknown
/bin/universe          = unknown

PATH: /usr/local/bin
PATH: /usr/bin
PATH: /bin
PATH: /usr/local/games
PATH: /usr/games
PATH: /usr/share/games
PATH: /usr/local/sbin
PATH: /usr/sbin
PATH: /sbin
PATH: /home/minet/local/bin


## ----------- ##
## Core tests. ##
## ----------- ##

configure:2265: checking for a BSD-compatible install
configure:2333: result: /usr/bin/install -c
configure:2344: checking whether build environment is sane
configure:2399: result: yes
configure:2550: checking for a thread-safe mkdir -p
configure:2589: result: /bin/mkdir -p
configure:2596: checking for gawk
configure:2612: found /usr/bin/gawk
configure:2623: result: gawk
configure:2634: checking whether make sets $(MAKE)
configure:2656: result: yes
configure:2685: checking whether make supports nested variables
configure:2702: result: yes
configure:2791: checking whether UID '1000' is supported by ustar format
configure:2794: result: yes
configure:2801: checking whether GID '1000' is supported by ustar format
configure:2804: result: yes
configure:2812: checking how to create a ustar tar archive
configure:2823: tar --version
tar (GNU tar) 1.30
Copyright (C) 2017 Free Software Foundation, Inc.
License GPLv3+: GNU GPL version 3 or later <https://gnu.org/licenses/gpl.html>.
This is free software: you are free to change and redistribute it.
There is NO WARRANTY, to the extent permitted by law.

Written by John Gilmore and Jay Fenlason.
configure:2826: $? = 0
configure:2866: tardir=conftest.dir && eval tar --format=ustar -chf - "$tardir" >conftest.tar
configure:2869: $? = 0
configure:2873: tar -xf - <conftest.tar
configure:2876: $? = 0
configure:2878: cat conftest.dir/file
GrepMe
configure:2881: $? = 0
configure:2894: result: gnutar
configure:2955: checking whether make supports nested variables
configure:2972: result: yes
configure:2988: checking build system type
configure:3002: result: x86_64-pc-linux-gnu
configure:3022: checking host system type
configure:3035: result: x86_64-pc-linux-gnu
configure:3060: checking for a sed that does not truncate output
configure:3124: result: /bin/sed
configure:3133: checking for gawk
configure:3160: result: gawk
configure:3180: libdill package version: 2.14
configure:3182: libdill ABI version: 25.0.5
configure:3201: checking for style of include used by make
configure:3229: result: GNU
configure:3300: checking for gcc
configure:3316: found /usr/bin/gcc
configure:3327: result: gcc
configure:3556: checking for C compiler version
configure:3565: gcc --version >&5
gcc (Debian 8.2.0-5) 8.2.0
Copyright (C) 2018 Free Software Foundation, Inc.
This is free software; see the source for copying conditions.  There is NO
warranty; not even for MERCHANTABILITY or FITNESS FOR A PARTICULAR PURPOSE.

configure:3576: $? = 0
configure:3565: gcc -v >&5
Using built-in specs.
COLLECT_GCC=gcc
COLLECT_LTO_WRAPPER=/usr/lib/gcc/x86_64-linux-gnu/8/lto-wrapper
OFFLOAD_TARGET_NAMES=nvptx-none
OFFLOAD_TARGET_DEFAULT=1
Target: x86_64-linux-gnu
Configured with: ../src/configure -v --with-pkgversion='Debian 8.2.0-5' --with-bugurl=file:///usr/share/doc/gcc-8/README.Bugs --enable-languages=c,ada,c++,go,brig,d,fortran,objc,obj-c++ --prefix=/usr --with-gcc-major-version-only --program-suffix=-8 --program-prefix=x86_64-linux-gnu- --enable-shared --enable-linker-build-id --libexecdir=/usr/lib --without-included-gettext --enable-threads=posix --libdir=/usr/lib --enable-nls --with-sysroot=/ --enable-clocale=gnu --enable-libstdcxx-debug --enable-libstdcxx-time=yes --with-default-libstdcxx-abi=new --enable-gnu-unique-object --disable-vtable-verify --enable-libmpx --enable-plugin --enable-default-pie --with-system-zlib --with-target-system-zlib --enable-objc-gc=auto --enable-multiarch --disable-werror --with-arch-32=i686 --with-abi=m64 --with-multilib-list=m32,m64,mx32 --enable-multilib --with-tune=generic --enable-offload-targets=nvptx-none --without-cuda-driver --enable-checking=release --build=x86_64-linux-gnu --host=x86_64-linux-gnu --target=x86_64-linux-gnu
Thread model: posix
gcc version 8.2.0 (Debian 8.2.0-5) 
configure:3576: $? = 0
configure:3565: gcc -V >&5
gcc: error: unrecognized command line option '-V'
gcc: fatal error: no input files
compilation terminated.
configure:3576: $? = 1
configure:3565: gcc -qversion >&5
gcc: error: unrecognized command line option '-qversion'; did you mean '--version'?
gcc: fatal error: no input files
compilation terminated.
configure:3576: $? = 1
configure:3596: checking whether the C compiler works
configure:3618: gcc    conftest.c  >&5
configure:3622: $? = 0
configure:3670: result: yes
configure:3673: checking for C compiler default output file name
configure:3675: result: a.out
configure:3681: checking for suffix of executables
configure:3688: gcc -o conftest    conftest.c  >&5
configure:3692: $? = 0
configure:3714: result: 
configure:3736: checking whether we are cross compiling
configure:3744: gcc -o conftest    conftest.c  >&5
configure:3748: $? = 0
configure:3755: ./conftest
configure:3759: $? = 0
configure:3774: result: no
configure:3779: checking for suffix of object files
configure:3801: gcc -c   conftest.c >&5
configure:3805: $? = 0
configure:3826: result: o
configure:3830: checking whether we are using the GNU C compiler
configure:3849: gcc -c   conftest.c >&5
configure:3849: $? = 0
configure:3858: result: yes
configure:3867: checking whether gcc accepts -g
configure:3887: gcc -c -g  conftest.c >&5
configure:3887: $? = 0
configure:3928: result: yes
configure:3945: checking for gcc option to accept ISO C89
configure:4008: gcc  -c -g -O2  conftest.c >&5
configure:4008: $? = 0
configure:4021: result: none needed
configure:4046: checking whether gcc understands -c and -o together
configure:4068: gcc -c conftest.c -o conftest2.o
configure:4071: $? = 0
configure:4068: gcc -c conftest.c -o conftest2.o
configure:4071: $? = 0
configure:4083: result: yes
configure:4102: checking dependency style of gcc
configure:4213: result: gcc3
configure:4228: checking for gcc option to accept ISO C99
configure:4377: gcc  -c -g -O2  conftest.c >&5
configure:4377: $? = 0
configure:4390: result: none needed
configure:4489: checking for pthread_attr_init in -lpthread
configure:4514: gcc -o conftest -g -O2   conftest.c -lpthread   >&5
configure:4514: $? = 0
configure:4523: result: yes
configure:4651: checking for SSL_ctrl  in -lssl
configure:4676: gcc -o conftest -g -O2   conftest.c -lssl   >&5
configure:4676: $? = 0
configure:4685: result: yes
configure:4698: checking for BIO_read in -lcrypto
configure:4723: gcc -o conftest -g -O2   conftest.c -lcrypto  -lssl  >&5
configure:4723: $? = 0
configure:4732: result: yes
configure:4751: checking for posix_memalign
configure:4751: gcc -o conftest -g -O2   conftest.c -lcrypto -lssl  >&5
conftest.c:39:6: warning: conflicting types for built-in function 'posix_memalign' [-Wbuiltin-declaration-mismatch]
 char posix_memalign ();
      ^~~~~~~~~~~~~~
configure:4751: $? = 0
configure:4751: result: yes
configure:4757: checking for mprotect
configure:4757: gcc -o conftest -g -O2   conftest.c -lcrypto -lssl  >&5
configure:4757: $? = 0
configure:4757: result: yes
configure:4763: checking for clock_gettime in -lrt
configure:4788: gcc -o conftest -g -O2   conftest.c -lrt  -lcrypto -lssl  >&5
configure:4788: $? = 0
configure:4797: result: yes
configure:4810: checking for clock_gettime
configure:4810: gcc -o conftest -g -O2   conftest.c -lrt -lcrypto -lssl  >&5
configure:4810: $? = 0
configure:4810: result: yes
configure:4819: checking for socket in -lsocket
configure:4844: gcc -o conftest -g -O2   conftest.c -lsocket  -lrt -lcrypto -lssl  >&5
/usr/bin/ld: cannot find -lsocket
collect2: error: ld returned 1 exit status
configure:4844: $? = 1
configure: failed program was:
| /* confdefs.h */
| #define PACKAGE_NAME "libdill"
| #define PACKAGE_TARNAME "libdill"
| #define PACKAGE_VERSION "2.14"
| #define PACKAGE_STRING "libdill 2.14"
| #define PACKAGE_BUGREPORT "sustrik@250bpm.com"
| #define PACKAGE_URL "http://libdill.org/"
| #define PACKAGE "libdill"
| #define VERSION "2.14"
| #define DILL_THREADS 1
| #define DILL_PTHREAD 1
| #define HAVE_TLS 1
| #define HAVE_LIBSSL 1
| #define HAVE_LIBCRYPTO 1
| #define HAVE_POSIX_MEMALIGN 1
| #define HAVE_MPROTECT 1
| #define HAVE_LIBRT 1
| #define HAVE_CLOCK_GETTIME 1
| /* end confdefs.h.  */
| 
| /* Override any GCC internal prototype to avoid an error.
|    Use char because int might match the return type of a GCC
|    builtin and then its argument prototype would still apply.  */
| #ifdef __cplusplus
| extern "C"
| #endif
| char socket ();
| int
| main ()
| {
| return socket ();
|   ;
|   return 0;
| }
configure:4853: result: no
configure:4866: checking for epoll_create
configure:4866: gcc -o conftest -g -O2   conftest.c -lrt -lcrypto -lssl  >&5
configure:4866: $? = 0
configure:4866: result: yes
configure:4878: checking for kqueue
configure:4878: gcc -o conftest -g -O2   conftest.c -lrt -lcrypto -lssl  >&5
/usr/bin/ld: /tmp/ccaGjTqJ.o: in function `main':
/home/minet/Desktop/jojo/libdill/conftest.c:56: undefined reference to `kqueue'
collect2: error: ld returned 1 exit status
configure:4878: $? = 1
configure: failed program was:
| /* confdefs.h */
| #define PACKAGE_NAME "libdill"
| #define PACKAGE_TARNAME "libdill"
| #define PACKAGE_VERSION "2.14"
| #define PACKAGE_STRING "libdill 2.14"
| #define PACKAGE_BUGREPORT "sustrik@250bpm.com"
| #define PACKAGE_URL "http://libdill.org/"
| #define PACKAGE "libdill"
| #define VERSION "2.14"
| #define DILL_THREADS 1
| #define DILL_PTHREAD 1
| #define HAVE_TLS 1
| #define HAVE_LIBSSL 1
| #define HAVE_LIBCRYPTO 1
| #define HAVE_POSIX_MEMALIGN 1
| #define HAVE_MPROTECT 1
| #define HAVE_LIBRT 1
| #define HAVE_CLOCK_GETTIME 1
| #define HAVE_EPOLL_CREATE 1
| #define HAVE_EPOLL 1
| /* end confdefs.h.  */
| /* Define kqueue to an innocuous variant, in case <limits.h> declares kqueue.
|    For example, HP-UX 11i <limits.h> declares gettimeofday.  */
| #define kqueue innocuous_kqueue
| 
| /* System header to define __stub macros and hopefully few prototypes,
|     which can conflict with char kqueue (); below.
|     Prefer <limits.h> to <assert.h> if __STDC__ is defined, since
|     <limits.h> exists even on freestanding compilers.  */
| 
| #ifdef __STDC__
| # include <limits.h>
| #else
| # include <assert.h>
| #endif
| 
| #undef kqueue
| 
| /* Override any GCC internal prototype to avoid an error.
|    Use char because int might match the return type of a GCC
|    builtin and then its argument prototype would still apply.  */
| #ifdef __cplusplus
| extern "C"
| #endif
| char kqueue ();
| /* The GNU C library defines this for functions which it implements
|     to always fail with ENOSYS.  Some functions are actually named
|     something starting with __ and the normal name is an alias.  */
| #if defined __stub_kqueue || defined __stub___kqueue
| choke me
| #endif
| 
| int
| main ()
| {
| return kqueue ();
|   ;
|   return 0;
| }
configure:4878: result: no
configure:4889: checking for struct sockaddr.sa_len
configure:4889: gcc -c -g -O2  conftest.c >&5
conftest.c: In function 'main':
conftest.c:31:12: error: 'struct sockaddr' has no member named 'sa_len'
 if (ac_aggr.sa_len)
            ^
configure:4889: $? = 1
configure: failed program was:
| /* confdefs.h */
| #define PACKAGE_NAME "libdill"
| #define PACKAGE_TARNAME "libdill"
| #define PACKAGE_VERSION "2.14"
| #define PACKAGE_STRING "libdill 2.14"
| #define PACKAGE_BUGREPORT "sustrik@250bpm.com"
| #define PACKAGE_URL "http://libdill.org/"
| #define PACKAGE "libdill"
| #define VERSION "2.14"
| #define DILL_THREADS 1
| #define DILL_PTHREAD 1
| #define HAVE_TLS 1
| #define HAVE_LIBSSL 1
| #define HAVE_LIBCRYPTO 1
| #define HAVE_POSIX_MEMALIGN 1
| #define HAVE_MPROTECT 1
| #define HAVE_LIBRT 1
| #define HAVE_CLOCK_GETTIME 1
| #define HAVE_EPOLL_CREATE 1
| #define HAVE_EPOLL 1
| /* end confdefs.h.  */
| 
| # include <sys/types.h>
| # include <sys/socket.h>
| 
| 
| int
| main ()
| {
| static struct sockaddr ac_aggr;
| if (ac_aggr.sa_len)
| return 0;
|   ;
|   return 0;
| }
configure:4889: gcc -c -g -O2  conftest.c >&5
conftest.c: In function 'main':
conftest.c:31:19: error: 'struct sockaddr' has no member named 'sa_len'
 if (sizeof ac_aggr.sa_len)
                   ^
configure:4889: $? = 1
configure: failed program was:
| /* confdefs.h */
| #define PACKAGE_NAME "libdill"
| #define PACKAGE_TARNAME "libdill"
| #define PACKAGE_VERSION "2.14"
| #define PACKAGE_STRING "libdill 2.14"
| #define PACKAGE_BUGREPORT "sustrik@250bpm.com"
| #define PACKAGE_URL "http://libdill.org/"
| #define PACKAGE "libdill"
| #define VERSION "2.14"
| #define DILL_THREADS 1
| #define DILL_PTHREAD 1
| #define HAVE_TLS 1
| #define HAVE_LIBSSL 1
| #define HAVE_LIBCRYPTO 1
| #define HAVE_POSIX_MEMALIGN 1
| #define HAVE_MPROTECT 1
| #define HAVE_LIBRT 1
| #define HAVE_CLOCK_GETTIME 1
| #define HAVE_EPOLL_CREATE 1
| #define HAVE_EPOLL 1
| /* end confdefs.h.  */
| 
| # include <sys/types.h>
| # include <sys/socket.h>
| 
| 
| int
| main ()
| {
| static struct sockaddr ac_aggr;
| if (sizeof ac_aggr.sa_len)
| return 0;
|   ;
|   return 0;
| }
configure:4889: result: no
configure:4954: checking how to print strings
configure:4981: result: printf
configure:5002: checking for a sed that does not truncate output
configure:5066: result: /bin/sed
configure:5084: checking for grep that handles long lines and -e
configure:5142: result: /bin/grep
configure:5147: checking for egrep
configure:5209: result: /bin/grep -E
configure:5214: checking for fgrep
configure:5276: result: /bin/grep -F
configure:5311: checking for ld used by gcc
configure:5378: result: /usr/bin/ld
configure:5385: checking if the linker (/usr/bin/ld) is GNU ld
configure:5400: result: yes
configure:5412: checking for BSD- or MS-compatible name lister (nm)
configure:5466: result: /usr/bin/nm -B
configure:5596: checking the name lister (/usr/bin/nm -B) interface
configure:5603: gcc -c -g -O2  conftest.c >&5
configure:5606: /usr/bin/nm -B "conftest.o"
configure:5609: output
0000000000000000 B some_variable
configure:5616: result: BSD nm
configure:5619: checking whether ln -s works
configure:5623: result: yes
configure:5631: checking the maximum length of command line arguments
configure:5762: result: 1572864
configure:5810: checking how to convert x86_64-pc-linux-gnu file names to x86_64-pc-linux-gnu format
configure:5850: result: func_convert_file_noop
configure:5857: checking how to convert x86_64-pc-linux-gnu file names to toolchain format
configure:5877: result: func_convert_file_noop
configure:5884: checking for /usr/bin/ld option to reload object files
configure:5891: result: -r
configure:5965: checking for objdump
configure:5981: found /usr/bin/objdump
configure:5992: result: objdump
configure:6024: checking how to recognize dependent libraries
configure:6224: result: pass_all
configure:6309: checking for dlltool
configure:6339: result: no
configure:6369: checking how to associate runtime and link libraries
configure:6396: result: printf %s\n
configure:6456: checking for ar
configure:6472: found /usr/bin/ar
configure:6483: result: ar
configure:6520: checking for archiver @FILE support
configure:6537: gcc -c -g -O2  conftest.c >&5
configure:6537: $? = 0
configure:6540: ar cru libconftest.a @conftest.lst >&5
ar: `u' modifier ignored since `D' is the default (see `U')
configure:6543: $? = 0
configure:6548: ar cru libconftest.a @conftest.lst >&5
ar: `u' modifier ignored since `D' is the default (see `U')
ar: conftest.o: No such file or directory
configure:6551: $? = 1
configure:6563: result: @
configure:6621: checking for strip
configure:6637: found /usr/bin/strip
configure:6648: result: strip
configure:6720: checking for ranlib
configure:6736: found /usr/bin/ranlib
configure:6747: result: ranlib
configure:6849: checking command to parse /usr/bin/nm -B output from gcc object
configure:7002: gcc -c -g -O2  conftest.c >&5
configure:7005: $? = 0
configure:7009: /usr/bin/nm -B conftest.o \| sed -n -e 's/^.*[ ]\([ABCDGIRSTW][ABCDGIRSTW]*\)[ ][ ]*\([_A-Za-z][_A-Za-z0-9]*\)$/\1 \2 \2/p' | sed '/ __gnu_lto/d' \> conftest.nm
configure:7012: $? = 0
configure:7078: gcc -o conftest -g -O2   conftest.c conftstm.o >&5
configure:7081: $? = 0
configure:7119: result: ok
configure:7166: checking for sysroot
configure:7196: result: no
configure:7203: checking for a working dd
configure:7241: result: /bin/dd
configure:7245: checking how to truncate binary pipes
configure:7260: result: /bin/dd bs=4096 count=1
configure:7396: gcc -c -g -O2  conftest.c >&5
configure:7399: $? = 0
configure:7589: checking for mt
configure:7605: found /bin/mt
configure:7616: result: mt
configure:7639: checking if mt is a manifest tool
configure:7645: mt '-?'
configure:7653: result: no
configure:8330: checking how to run the C preprocessor
configure:8361: gcc -E  conftest.c
configure:8361: $? = 0
configure:8375: gcc -E  conftest.c
conftest.c:22:10: fatal error: ac_nonexistent.h: No such file or directory
 #include <ac_nonexistent.h>
          ^~~~~~~~~~~~~~~~~~
compilation terminated.
configure:8375: $? = 1
configure: failed program was:
| /* confdefs.h */
| #define PACKAGE_NAME "libdill"
| #define PACKAGE_TARNAME "libdill"
| #define PACKAGE_VERSION "2.14"
| #define PACKAGE_STRING "libdill 2.14"
| #define PACKAGE_BUGREPORT "sustrik@250bpm.com"
| #define PACKAGE_URL "http://libdill.org/"
| #define PACKAGE "libdill"
| #define VERSION "2.14"
| #define DILL_THREADS 1
| #define DILL_PTHREAD 1
| #define HAVE_TLS 1
| #define HAVE_LIBSSL 1
| #define HAVE_LIBCRYPTO 1
| #define HAVE_POSIX_MEMALIGN 1
| #define HAVE_MPROTECT 1
| #define HAVE_LIBRT 1
| #define HAVE_CLOCK_GETTIME 1
| #define HAVE_EPOLL_CREATE 1
| #define HAVE_EPOLL 1
| /* end confdefs.h.  */
| #include <ac_nonexistent.h>
configure:8400: result: gcc -E
configure:8420: gcc -E  conftest.c
configure:8420: $? = 0
configure:8434: gcc -E  conftest.c
conftest.c:22:10: fatal error: ac_nonexistent.h: No such file or directory
 #include <ac_nonexistent.h>
          ^~~~~~~~~~~~~~~~~~
compilation terminated.
configure:8434: $? = 1
configure: failed program was:
| /* confdefs.h */
| #define PACKAGE_NAME "libdill"
| #define PACKAGE_TARNAME "libdill"
| #define PACKAGE_VERSION "2.14"
| #define PACKAGE_STRING "libdill 2.14"
| #define PACKAGE_BUGREPORT "sustrik@250bpm.com"
| #define PACKAGE_URL "http://libdill.org/"
| #define PACKAGE "libdill"
| #define VERSION "2.14"
| #define DILL_THREADS 1
| #define DILL_PTHREAD 1
| #define HAVE_TLS 1
| #define HAVE_LIBSSL 1
| #define HAVE_LIBCRYPTO 1
| #define HAVE_POSIX_MEMALIGN 1
| #define HAVE_MPROTECT 1
| #define HAVE_LIBRT 1
| #define HAVE_CLOCK_GETTIME 1
| #define HAVE_EPOLL_CREATE 1
| #define HAVE_EPOLL 1
| /* end confdefs.h.  */
| #include <ac_nonexistent.h>
configure:8463: checking for ANSI C header files
configure:8483: gcc -c -g -O2  conftest.c >&5
configure:8483: $? = 0
configure:8556: gcc -o conftest -g -O2   conftest.c -lrt -lcrypto -lssl  >&5
configure:8556: $? = 0
configure:8556: ./conftest
configure:8556: $? = 0
configure:8567: result: yes
configure:8580: checking for sys/types.h
configure:8580: gcc -c -g -O2  conftest.c >&5
configure:8580: $? = 0
configure:8580: result: yes
configure:8580: checking for sys/stat.h
configure:8580: gcc -c -g -O2  conftest.c >&5
configure:8580: $? = 0
configure:8580: result: yes
configure:8580: checking for stdlib.h
configure:8580: gcc -c -g -O2  conftest.c >&5
configure:8580: $? = 0
configure:8580: result: yes
configure:8580: checking for string.h
configure:8580: gcc -c -g -O2  conftest.c >&5
configure:8580: $? = 0
configure:8580: result: yes
configure:8580: checking for memory.h
configure:8580: gcc -c -g -O2  conftest.c >&5
configure:8580: $? = 0
configure:8580: result: yes
configure:8580: checking for strings.h
configure:8580: gcc -c -g -O2  conftest.c >&5
configure:8580: $? = 0
configure:8580: result: yes
configure:8580: checking for inttypes.h
configure:8580: gcc -c -g -O2  conftest.c >&5
configure:8580: $? = 0
configure:8580: result: yes
configure:8580: checking for stdint.h
configure:8580: gcc -c -g -O2  conftest.c >&5
configure:8580: $? = 0
configure:8580: result: yes
configure:8580: checking for unistd.h
configure:8580: gcc -c -g -O2  conftest.c >&5
configure:8580: $? = 0
configure:8580: result: yes
configure:8594: checking for dlfcn.h
configure:8594: gcc -c -g -O2  conftest.c >&5
configure:8594: $? = 0
configure:8594: result: yes
configure:8850: checking for objdir
configure:8865: result: .libs
configure:9129: checking if gcc supports -fno-rtti -fno-exceptions
configure:9147: gcc -c -g -O2  -fno-rtti -fno-exceptions conftest.c >&5
cc1: warning: command line option '-fno-rtti' is valid for C++/ObjC++ but not for C
configure:9151: $? = 0
configure:9164: result: no
configure:9522: checking for gcc option to produce PIC
configure:9529: result: -fPIC -DPIC
configure:9537: checking if gcc PIC flag -fPIC -DPIC works
configure:9555: gcc -c -g -O2  -fPIC -DPIC -DPIC conftest.c >&5
configure:9559: $? = 0
configure:9572: result: yes
configure:9601: checking if gcc static flag -static works
configure:9629: result: yes
configure:9644: checking if gcc supports -c -o file.o
configure:9665: gcc -c -g -O2  -o out/conftest2.o conftest.c >&5
configure:9669: $? = 0
configure:9691: result: yes
configure:9699: checking if gcc supports -c -o file.o
configure:9746: result: yes
configure:9779: checking whether the gcc linker (/usr/bin/ld -m elf_x86_64) supports shared libraries
configure:11042: result: yes
configure:11079: checking whether -lc should be explicitly linked in
configure:11087: gcc -c -g -O2  conftest.c >&5
configure:11090: $? = 0
configure:11105: gcc -shared  -fPIC -DPIC conftest.o  -v -Wl,-soname -Wl,conftest -o conftest 2\>\&1 \| /bin/grep  -lc  \>/dev/null 2\>\&1
configure:11108: $? = 0
configure:11122: result: no
configure:11282: checking dynamic linker characteristics
configure:11863: gcc -o conftest -g -O2   -Wl,-rpath -Wl,/foo conftest.c -lrt -lcrypto -lssl  >&5
configure:11863: $? = 0
configure:12112: result: GNU/Linux ld.so
configure:12234: checking how to hardcode library paths into programs
configure:12259: result: immediate
configure:12807: checking whether stripping libraries is possible
configure:12812: result: yes
configure:12847: checking if libtool supports shared libraries
configure:12849: result: yes
configure:12852: checking whether to build shared libraries
configure:12877: result: yes
configure:12880: checking whether to build static libraries
configure:12884: result: yes
configure:13084: checking that generated files are newer than configure
configure:13090: result: done
configure:13133: creating ./config.status

## ---------------------- ##
## Running config.status. ##
## ---------------------- ##

This file was extended by libdill config.status 2.14, which was
generated by GNU Autoconf 2.69.  Invocation command line was

  CONFIG_FILES    = 
  CONFIG_HEADERS  = 
  CONFIG_LINKS    = 
  CONFIG_COMMANDS = 
  $ ./config.status 

on parrot

config.status:1022: creating Makefile
config.status:1022: creating man/Makefile
config.status:1022: creating libdill.pc
config.status:1194: executing depfiles commands
config.status:1194: executing libtool commands

## ---------------- ##
## Cache variables. ##
## ---------------- ##

ac_cv_build=x86_64-pc-linux-gnu
ac_cv_c_compiler_gnu=yes
ac_cv_env_CC_set=
ac_cv_env_CC_value=
ac_cv_env_CFLAGS_set=
ac_cv_env_CFLAGS_value=
ac_cv_env_CPPFLAGS_set=
ac_cv_env_CPPFLAGS_value=
ac_cv_env_CPP_set=
ac_cv_env_CPP_value=
ac_cv_env_LDFLAGS_set=
ac_cv_env_LDFLAGS_value=
ac_cv_env_LIBS_set=
ac_cv_env_LIBS_value=
ac_cv_env_LT_SYS_LIBRARY_PATH_set=
ac_cv_env_LT_SYS_LIBRARY_PATH_value=
ac_cv_env_build_alias_set=
ac_cv_env_build_alias_value=
ac_cv_env_host_alias_set=
ac_cv_env_host_alias_value=
ac_cv_env_target_alias_set=
ac_cv_env_target_alias_value=
ac_cv_func_clock_gettime=yes
ac_cv_func_epoll_create=yes
ac_cv_func_kqueue=no
ac_cv_func_mprotect=yes
ac_cv_func_posix_memalign=yes
ac_cv_header_dlfcn_h=yes
ac_cv_header_inttypes_h=yes
ac_cv_header_memory_h=yes
ac_cv_header_stdc=yes
ac_cv_header_stdint_h=yes
ac_cv_header_stdlib_h=yes
ac_cv_header_string_h=yes
ac_cv_header_strings_h=yes
ac_cv_header_sys_stat_h=yes
ac_cv_header_sys_types_h=yes
ac_cv_header_unistd_h=yes
ac_cv_host=x86_64-pc-linux-gnu
ac_cv_lib_crypto_BIO_read=yes
ac_cv_lib_pthread_pthread_attr_init=yes
ac_cv_lib_rt_clock_gettime=yes
ac_cv_lib_socket_socket=no
ac_cv_lib_ssl_SSL_ctrl_=yes
ac_cv_member_struct_sockaddr_sa_len=no
ac_cv_objext=o
ac_cv_path_EGREP='/bin/grep -E'
ac_cv_path_FGREP='/bin/grep -F'
ac_cv_path_GREP=/bin/grep
ac_cv_path_SED=/bin/sed
ac_cv_path_install='/usr/bin/install -c'
ac_cv_path_lt_DD=/bin/dd
ac_cv_path_mkdir=/bin/mkdir
ac_cv_prog_AWK=gawk
ac_cv_prog_CPP='gcc -E'
ac_cv_prog_ac_ct_AR=ar
ac_cv_prog_ac_ct_CC=gcc
ac_cv_prog_ac_ct_MANIFEST_TOOL=mt
ac_cv_prog_ac_ct_OBJDUMP=objdump
ac_cv_prog_ac_ct_RANLIB=ranlib
ac_cv_prog_ac_ct_STRIP=strip
ac_cv_prog_cc_c89=
ac_cv_prog_cc_c99=
ac_cv_prog_cc_g=yes
ac_cv_prog_make_make_set=yes
am_cv_CC_dependencies_compiler_type=gcc3
am_cv_make_support_nested_variables=yes
am_cv_prog_cc_c_o=yes
am_cv_prog_tar_ustar=gnutar
lt_cv_ar_at_file=@
lt_cv_archive_cmds_need_lc=no
lt_cv_deplibs_check_method=pass_all
lt_cv_file_magic_cmd='$MAGIC_CMD'
lt_cv_file_magic_test_file=
lt_cv_ld_reload_flag=-r
lt_cv_nm_interface='BSD nm'
lt_cv_objdir=.libs
lt_cv_path_LD=/usr/bin/ld
lt_cv_path_NM='/usr/bin/nm -B'
lt_cv_path_mainfest_tool=no
lt_cv_prog_compiler_c_o=yes
lt_cv_prog_compiler_pic='-fPIC -DPIC'
lt_cv_prog_compiler_pic_works=yes
lt_cv_prog_compiler_rtti_exceptions=no
lt_cv_prog_compiler_static_works=yes
lt_cv_prog_gnu_ld=yes
lt_cv_sharedlib_from_linklib_cmd='printf %s\n'
lt_cv_shlibpath_overrides_runpath=yes
lt_cv_sys_global_symbol_pipe='sed -n -e '\''s/^.*[	 ]\([ABCDGIRSTW][ABCDGIRSTW]*\)[	 ][	 ]*\([_A-Za-z][_A-Za-z0-9]*\)$/\1 \2 \2/p'\'' | sed '\''/ __gnu_lto/d'\'''
lt_cv_sys_global_symbol_to_c_name_address='sed -n -e '\''s/^: \(.*\) .*$/  {"\1", (void *) 0},/p'\'' -e '\''s/^[ABCDGIRSTW][ABCDGIRSTW]* .* \(.*\)$/  {"\1", (void *) \&\1},/p'\'''
lt_cv_sys_global_symbol_to_c_name_address_lib_prefix='sed -n -e '\''s/^: \(.*\) .*$/  {"\1", (void *) 0},/p'\'' -e '\''s/^[ABCDGIRSTW][ABCDGIRSTW]* .* \(lib.*\)$/  {"\1", (void *) \&\1},/p'\'' -e '\''s/^[ABCDGIRSTW][ABCDGIRSTW]* .* \(.*\)$/  {"lib\1", (void *) \&\1},/p'\'''
lt_cv_sys_global_symbol_to_cdecl='sed -n -e '\''s/^T .* \(.*\)$/extern int \1();/p'\'' -e '\''s/^[ABCDGIRSTW][ABCDGIRSTW]* .* \(.*\)$/extern char \1;/p'\'''
lt_cv_sys_global_symbol_to_import=
lt_cv_sys_max_cmd_len=1572864
lt_cv_to_host_file_cmd=func_convert_file_noop
lt_cv_to_tool_file_cmd=func_convert_file_noop
lt_cv_truncate_bin='/bin/dd bs=4096 count=1'

## ----------------- ##
## Output variables. ##
## ----------------- ##

ACLOCAL='${SHELL} /home/minet/Desktop/jojo/libdill/missing aclocal-1.15'
AMDEPBACKSLASH='\'
AMDEP_FALSE='#'
AMDEP_TRUE=''
AMTAR='$${TAR-tar}'
AM_BACKSLASH='\'
AM_DEFAULT_V='$(AM_DEFAULT_VERBOSITY)'
AM_DEFAULT_VERBOSITY='0'
AM_V='$(V)'
AR='ar'
AUTOCONF='${SHELL} /home/minet/Desktop/jojo/libdill/missing autoconf'
AUTOHEADER='${SHELL} /home/minet/Desktop/jojo/libdill/missing autoheader'
AUTOMAKE='${SHELL} /home/minet/Desktop/jojo/libdill/missing automake-1.15'
AWK='gawk'
CC='gcc'
CCDEPMODE='depmode=gcc3'
CFLAGS='-g -O2'
CPP='gcc -E'
CPPFLAGS=''
CYGPATH_W='echo'
DEFS='-DPACKAGE_NAME=\"libdill\" -DPACKAGE_TARNAME=\"libdill\" -DPACKAGE_VERSION=\"2.14\" -DPACKAGE_STRING=\"libdill\ 2.14\" -DPACKAGE_BUGREPORT=\"sustrik@250bpm.com\" -DPACKAGE_URL=\"http://libdill.org/\" -DPACKAGE=\"libdill\" -DVERSION=\"2.14\" -DDILL_THREADS=1 -DDILL_PTHREAD=1 -DHAVE_TLS=1 -DHAVE_LIBSSL=1 -DHAVE_LIBCRYPTO=1 -DHAVE_POSIX_MEMALIGN=1 -DHAVE_MPROTECT=1 -DHAVE_LIBRT=1 -DHAVE_CLOCK_GETTIME=1 -DHAVE_EPOLL_CREATE=1 -DHAVE_EPOLL=1 -DSTDC_HEADERS=1 -DHAVE_SYS_TYPES_H=1 -DHAVE_SYS_STAT_H=1 -DHAVE_STDLIB_H=1 -DHAVE_STRING_H=1 -DHAVE_MEMORY_H=1 -DHAVE_STRINGS_H=1 -DHAVE_INTTYPES_H=1 -DHAVE_STDINT_H=1 -DHAVE_UNISTD_H=1 -DHAVE_DLFCN_H=1 -DLT_OBJDIR=\".libs/\" -DDILL_SHARED=1'
DEPDIR='.deps'
DILL_ABI_VERSION='25.0.5'
DILL_LIBTOOL_VERSION='25:0:5'
DILL_PACKAGE_VERSION='2.14'
DILL_SOCKETS_FALSE='#'
DILL_SOCKETS_TRUE=''
DILL_THREADS_FALSE='#'
DILL_THREADS_TRUE=''
DLLTOOL='false'
DSYMUTIL=''
DUMPBIN=''
ECHO_C=''
ECHO_N='-n'
ECHO_T=''
EGREP='/bin/grep -E'
EXEEXT=''
FGREP='/bin/grep -F'
GREP='/bin/grep'
HAVE_TLS_FALSE='#'
HAVE_TLS_TRUE=''
INSTALL_DATA='${INSTALL} -m 644'
INSTALL_PROGRAM='${INSTALL}'
INSTALL_SCRIPT='${INSTALL}'
INSTALL_STRIP_PROGRAM='$(install_sh) -c -s'
LD='/usr/bin/ld -m elf_x86_64'
LDFLAGS=''
LIBOBJS=''
LIBS='-lrt -lcrypto -lssl '
LIBTOOL='$(SHELL) $(top_builddir)/libtool'
LIPO=''
LN_S='ln -s'
LTLIBOBJS=''
LT_SYS_LIBRARY_PATH=''
MAKEINFO='${SHELL} /home/minet/Desktop/jojo/libdill/missing makeinfo'
MANIFEST_TOOL=':'
MKDIR_P='/bin/mkdir -p'
NM='/usr/bin/nm -B'
NMEDIT=''
OBJDUMP='objdump'
OBJEXT='o'
OTOOL64=''
OTOOL=''
PACKAGE='libdill'
PACKAGE_BUGREPORT='sustrik@250bpm.com'
PACKAGE_NAME='libdill'
PACKAGE_STRING='libdill 2.14'
PACKAGE_TARNAME='libdill'
PACKAGE_URL='http://libdill.org/'
PACKAGE_VERSION='2.14'
PATH_SEPARATOR=':'
PTHREAD_CFLAGS='-pthread'
PTHREAD_LIBS='-lpthread'
RANLIB='ranlib'
SED='/bin/sed'
SET_MAKE=''
SHELL='/bin/bash'
STRIP='strip'
VERSION='2.14'
ac_ct_AR='ar'
ac_ct_CC='gcc'
ac_ct_DUMPBIN=''
am__EXEEXT_FALSE=''
am__EXEEXT_TRUE='#'
am__fastdepCC_FALSE='#'
am__fastdepCC_TRUE=''
am__include='include'
am__isrc=''
am__leading_dot='.'
am__nodep='_no'
am__quote=''
am__tar='tar --format=ustar -chf - "$$tardir"'
am__untar='tar -xf -'
bindir='${exec_prefix}/bin'
build='x86_64-pc-linux-gnu'
build_alias=''
build_cpu='x86_64'
build_os='linux-gnu'
build_vendor='pc'
datadir='${datarootdir}'
datarootdir='${prefix}/share'
docdir='${datarootdir}/doc/${PACKAGE_TARNAME}'
dvidir='${docdir}'
exec_prefix='${prefix}'
host='x86_64-pc-linux-gnu'
host_alias=''
host_cpu='x86_64'
host_os='linux-gnu'
host_vendor='pc'
htmldir='${docdir}'
includedir='${prefix}/include'
infodir='${datarootdir}/info'
install_sh='${SHELL} /home/minet/Desktop/jojo/libdill/install-sh'
libdir='${exec_prefix}/lib'
libexecdir='${exec_prefix}/libexec'
localedir='${datarootdir}/locale'
localstatedir='${prefix}/var'
mandir='${datarootdir}/man'
mkdir_p='$(MKDIR_P)'
oldincludedir='/usr/include'
pdfdir='${docdir}'
prefix='/usr/local'
program_transform_name='s,x,x,'
psdir='${docdir}'
runstatedir='${localstatedir}/run'
sbindir='${exec_prefix}/sbin'
sharedstatedir='${prefix}/com'
sysconfdir='${prefix}/etc'
target_alias=''

## ----------- ##
## confdefs.h. ##
## ----------- ##

/* confdefs.h */
#define PACKAGE_NAME "libdill"
#define PACKAGE_TARNAME "libdill"
#define PACKAGE_VERSION "2.14"
#define PACKAGE_STRING "libdill 2.14"
#define PACKAGE_BUGREPORT "sustrik@250bpm.com"
#define PACKAGE_URL "http://libdill.org/"
#define PACKAGE "libdill"
#define VERSION "2.14"
#define DILL_THREADS 1
#define DILL_PTHREAD 1
#define HAVE_TLS 1
#define HAVE_LIBSSL 1
#define HAVE_LIBCRYPTO 1
#define HAVE_POSIX_MEMALIGN 1
#define HAVE_MPROTECT 1
#define HAVE_LIBRT 1
#define HAVE_CLOCK_GETTIME 1
#define HAVE_EPOLL_CREATE 1
#define HAVE_EPOLL 1
#define STDC_HEADERS 1
#define HAVE_SYS_TYPES_H 1
#define HAVE_SYS_STAT_H 1
#define HAVE_STDLIB_H 1
#define HAVE_STRING_H 1
#define HAVE_MEMORY_H 1
#define HAVE_STRINGS_H 1
#define HAVE_INTTYPES_H 1
#define HAVE_STDINT_H 1
#define HAVE_UNISTD_H 1
#define HAVE_DLFCN_H 1
#define LT_OBJDIR ".libs/"
#define DILL_SHARED 1

configure: exit 0
